TN:
SF:src/constants/routes.js
FN:13,(anonymous_0)
FNF:1
FNH:1
FNDA:53,(anonymous_0)
DA:6,6
DA:13,6
DA:14,53
DA:16,15
DA:18,8
DA:20,10
DA:22,19
DA:24,1
LF:8
LH:8
BRDA:14,0,0,15
BRDA:14,0,1,8
BRDA:14,0,2,10
BRDA:14,0,3,19
BRDA:14,0,4,1
BRF:5
BRH:5
end_of_record
TN:
SF:src/constants/usersTest.js
FNF:0
FNH:0
LF:0
LH:0
BRF:0
BRH:0
end_of_record
TN:
SF:src/containers/Bills.js
FN:6,(anonymous_0)
FN:13,(anonymous_1)
FN:14,(anonymous_2)
FN:19,(anonymous_3)
FN:23,(anonymous_4)
FN:30,(anonymous_5)
FN:35,(anonymous_6)
FN:37,(anonymous_7)
FN:38,(anonymous_8)
FNF:9
FNH:9
FNDA:12,(anonymous_0)
FNDA:36,(anonymous_1)
FNDA:1,(anonymous_2)
FNDA:1,(anonymous_3)
FNDA:2,(anonymous_4)
FNDA:5,(anonymous_5)
FNDA:5,(anonymous_6)
FNDA:30,(anonymous_7)
FNDA:20,(anonymous_8)
DA:7,12
DA:8,12
DA:9,12
DA:10,12
DA:11,12
DA:12,12
DA:13,12
DA:14,36
DA:16,12
DA:19,12
DA:20,1
DA:23,12
DA:24,2
DA:25,2
DA:26,2
DA:27,2
DA:30,12
DA:31,5
DA:32,5
DA:36,5
DA:37,30
DA:39,20
DA:40,20
DA:48,0
DA:49,0
DA:56,5
DA:57,5
LF:27
LH:25
BRDA:11,0,0,8
BRDA:11,0,1,4
BRDA:13,1,0,12
BRDA:13,1,1,0
BRDA:31,2,0,5
BRDA:31,2,1,0
BRF:6
BRH:4
end_of_record
TN:
SF:src/containers/Dashboard.js
FN:8,(anonymous_0)
FN:10,(anonymous_1)
FN:30,(anonymous_2)
FN:55,(anonymous_3)
FN:56,(anonymous_4)
FN:59,(anonymous_5)
FN:71,(anonymous_6)
FN:75,(anonymous_7)
FN:76,(anonymous_8)
FN:77,(anonymous_9)
FN:81,(anonymous_10)
FN:88,(anonymous_11)
FN:92,(anonymous_12)
FN:109,(anonymous_13)
FN:110,(anonymous_14)
FN:113,(anonymous_15)
FN:123,(anonymous_16)
FN:133,(anonymous_17)
FN:150,(anonymous_18)
FN:151,(anonymous_19)
FN:157,(anonymous_20)
FN:162,(anonymous_21)
FN:164,(anonymous_22)
FN:172,(anonymous_23)
FNF:24
FNH:19
FNDA:53,(anonymous_0)
FNDA:140,(anonymous_1)
FNDA:6,(anonymous_2)
FNDA:6,(anonymous_3)
FNDA:6,(anonymous_4)
FNDA:5,(anonymous_5)
FNDA:22,(anonymous_6)
FNDA:0,(anonymous_7)
FNDA:0,(anonymous_8)
FNDA:0,(anonymous_9)
FNDA:1,(anonymous_10)
FNDA:3,(anonymous_11)
FNDA:8,(anonymous_12)
FNDA:0,(anonymous_13)
FNDA:0,(anonymous_14)
FNDA:1,(anonymous_15)
FNDA:1,(anonymous_16)
FNDA:5,(anonymous_17)
FNDA:6,(anonymous_18)
FNDA:3,(anonymous_19)
FNDA:10,(anonymous_20)
FNDA:6,(anonymous_21)
FNDA:24,(anonymous_22)
FNDA:4,(anonymous_23)
DA:8,6
DA:9,53
DA:14,140
DA:15,140
DA:20,0
DA:21,0
DA:26,140
DA:30,6
DA:31,6
DA:32,6
DA:34,6
DA:37,6
DA:55,6
DA:56,6
DA:59,6
DA:60,5
DA:62,3
DA:64,1
DA:66,1
DA:72,22
DA:73,22
DA:74,22
DA:75,22
DA:76,22
DA:77,22
DA:78,22
DA:81,22
DA:82,1
DA:83,1
DA:84,1
DA:85,1
DA:89,3
DA:90,3
DA:91,3
DA:92,2
DA:93,8
DA:95,2
DA:96,2
DA:97,2
DA:98,2
DA:100,1
DA:102,1
DA:105,1
DA:106,1
DA:108,3
DA:109,3
DA:110,3
DA:113,22
DA:114,1
DA:119,1
DA:120,1
DA:123,22
DA:124,1
DA:129,1
DA:130,1
DA:134,5
DA:135,5
DA:136,5
DA:138,5
DA:139,5
DA:140,5
DA:142,5
DA:144,0
DA:145,0
DA:147,0
DA:150,5
DA:151,6
DA:157,22
DA:158,10
DA:159,10
DA:163,6
DA:164,24
DA:170,6
DA:173,4
LF:74
LH:69
BRDA:9,0,0,35
BRDA:9,0,1,18
BRDA:9,1,0,53
BRDA:9,1,1,35
BRDA:14,2,0,140
BRDA:14,2,1,0
BRDA:22,3,0,0
BRDA:22,3,1,0
BRDA:32,4,0,0
BRDA:32,4,1,6
BRDA:34,5,0,0
BRDA:34,5,1,6
BRDA:56,6,0,5
BRDA:56,6,1,1
BRDA:56,7,0,6
BRDA:56,7,1,6
BRDA:60,8,0,3
BRDA:60,8,1,1
BRDA:60,8,2,1
BRDA:85,9,0,0
BRDA:85,9,1,1
BRDA:89,10,0,2
BRDA:89,10,1,1
BRDA:89,11,0,3
BRDA:89,11,1,1
BRDA:90,12,0,2
BRDA:90,12,1,1
BRDA:90,13,0,3
BRDA:90,13,1,1
BRDA:91,14,0,2
BRDA:91,14,1,1
BRDA:135,15,0,5
BRDA:135,15,1,0
BRDA:135,16,0,5
BRDA:135,16,1,2
BRDA:138,17,0,5
BRDA:138,17,1,0
BRDA:158,18,0,10
BRDA:158,18,1,0
BRF:39
BRH:30
end_of_record
TN:
SF:src/containers/Login.js
FN:7,(anonymous_0)
FN:18,(anonymous_1)
FN:29,(anonymous_2)
FN:31,(anonymous_3)
FN:40,(anonymous_4)
FN:51,(anonymous_5)
FN:53,(anonymous_6)
FN:62,(anonymous_7)
FN:68,(anonymous_8)
FN:77,(anonymous_9)
FN:87,(anonymous_10)
FNF:11
FNH:5
FNDA:5,(anonymous_0)
FNDA:2,(anonymous_1)
FNDA:0,(anonymous_2)
FNDA:2,(anonymous_3)
FNDA:2,(anonymous_4)
FNDA:0,(anonymous_5)
FNDA:2,(anonymous_6)
FNDA:0,(anonymous_7)
FNDA:0,(anonymous_8)
FNDA:0,(anonymous_9)
FNDA:0,(anonymous_10)
DA:3,4
DA:8,5
DA:9,5
DA:10,5
DA:11,5
DA:12,5
DA:13,5
DA:14,5
DA:15,5
DA:16,5
DA:18,5
DA:19,2
DA:20,2
DA:26,2
DA:27,2
DA:29,0
DA:32,2
DA:33,2
DA:34,2
DA:35,2
DA:40,5
DA:41,2
DA:42,2
DA:48,2
DA:49,2
DA:51,0
DA:54,2
DA:55,2
DA:56,2
DA:57,2
DA:62,5
DA:63,0
DA:64,0
DA:69,0
DA:72,0
DA:77,5
DA:78,0
DA:79,0
DA:88,0
DA:89,0
DA:92,0
LF:41
LH:30
BRDA:63,0,0,0
BRDA:63,0,1,0
BRDA:78,1,0,0
BRDA:78,1,1,0
BRF:4
BRH:0
end_of_record
TN:
SF:src/containers/Logout.js
FN:4,(anonymous_0)
FN:11,(anonymous_1)
FNF:2
FNH:2
FNDA:44,(anonymous_0)
FNDA:2,(anonymous_1)
DA:5,44
DA:6,44
DA:7,44
DA:8,44
DA:11,44
DA:12,2
DA:13,2
LF:7
LH:7
BRF:0
BRH:0
end_of_record
TN:
SF:src/containers/NewBill.js
FN:5,(anonymous_0)
FN:18,(anonymous_1)
FN:60,(anonymous_2)
FN:94,(anonymous_3)
FN:102,(anonymous_4)
FN:106,(anonymous_5)
FN:111,(anonymous_6)
FN:114,(anonymous_7)
FNF:8
FNH:8
FNDA:9,(anonymous_0)
FNDA:2,(anonymous_1)
FNDA:2,(anonymous_2)
FNDA:2,(anonymous_3)
FNDA:1,(anonymous_4)
FNDA:2,(anonymous_5)
FNDA:2,(anonymous_6)
FNDA:1,(anonymous_7)
DA:6,9
DA:7,9
DA:8,9
DA:9,9
DA:10,9
DA:11,9
DA:12,9
DA:13,9
DA:14,9
DA:15,9
DA:16,9
DA:18,9
DA:19,2
DA:20,2
DA:22,2
DA:23,2
DA:24,2
DA:25,2
DA:26,2
DA:27,2
DA:29,2
DA:30,2
DA:32,2
DA:33,2
DA:34,2
DA:35,2
DA:37,0
DA:38,0
DA:41,0
DA:60,9
DA:61,2
DA:62,2
DA:66,2
DA:67,2
DA:86,2
DA:95,2
DA:96,2
DA:97,2
DA:98,2
DA:99,2
DA:100,2
DA:102,1
DA:106,9
DA:107,2
DA:108,2
DA:112,2
DA:114,1
LF:47
LH:44
BRDA:34,0,0,2
BRDA:34,0,1,0
BRDA:77,1,0,2
BRDA:77,1,1,1
BRDA:107,2,0,2
BRDA:107,2,1,0
BRF:6
BRH:4
end_of_record
TN:
SF:src/views/Actions.js
FN:4,(anonymous_0)
FNF:1
FNH:1
FNDA:34,(anonymous_0)
DA:5,34
LF:1
LH:1
BRF:0
BRH:0
end_of_record
TN:
SF:src/views/BillsUI.js
FN:7,(anonymous_0)
FN:22,(anonymous_1)
FN:23,(anonymous_2)
FN:26,(anonymous_3)
FN:28,(anonymous_4)
FNF:5
FNH:5
FNDA:32,(anonymous_0)
FNDA:11,(anonymous_1)
FNDA:32,(anonymous_2)
FNDA:18,(anonymous_3)
FNDA:11,(anonymous_4)
DA:7,6
DA:8,32
DA:22,6
DA:23,32
DA:28,18
DA:45,18
DA:46,5
DA:47,13
DA:48,2
DA:51,11
LF:10
LH:10
BRDA:23,0,0,8
BRDA:23,0,1,3
BRDA:23,1,0,11
BRDA:23,1,1,9
BRDA:45,2,0,5
BRDA:45,2,1,13
BRDA:47,3,0,2
BRDA:47,3,1,11
BRF:8
BRH:8
end_of_record
TN:
SF:src/views/DashboardFormUI.js
FN:7,(anonymous_0)
FN:24,(anonymous_1)
FNF:2
FNH:2
FNDA:9,(anonymous_0)
FNDA:9,(anonymous_1)
DA:7,9
DA:26,9
LF:2
LH:2
BRDA:79,0,0,6
BRDA:79,0,1,3
BRDA:92,1,0,6
BRDA:92,1,1,3
BRF:4
BRH:4
end_of_record
TN:
SF:src/views/DashboardUI.js
FN:8,(anonymous_0)
FNF:1
FNH:1
FNDA:31,(anonymous_0)
DA:10,31
DA:11,11
DA:12,20
DA:13,5
DA:16,15
LF:5
LH:5
BRDA:10,0,0,11
BRDA:10,0,1,20
BRDA:12,1,0,5
BRDA:12,1,1,15
BRDA:22,2,0,15
BRDA:22,2,1,10
BRDA:29,3,0,15
BRDA:29,3,1,10
BRDA:36,4,0,15
BRDA:36,4,1,10
BRF:10
BRH:10
end_of_record
TN:
SF:src/views/ErrorPage.js
FN:3,(anonymous_0)
FNF:1
FNH:1
FNDA:9,(anonymous_0)
DA:4,9
LF:1
LH:1
BRDA:12,0,0,8
BRDA:12,0,1,1
BRF:2
BRH:2
end_of_record
TN:
SF:src/views/LoadingPage.js
FN:3,(anonymous_0)
FNF:1
FNH:1
FNDA:17,(anonymous_0)
DA:5,17
LF:1
LH:1
BRF:0
BRH:0
end_of_record
TN:
SF:src/views/LoginUI.js
FN:2,(anonymous_0)
FNF:1
FNH:1
FNDA:22,(anonymous_0)
DA:4,22
LF:1
LH:1
BRF:0
BRH:0
end_of_record
TN:
SF:src/views/NewBillUI.js
FN:3,(anonymous_0)
FNF:1
FNH:1
FNDA:11,(anonymous_0)
DA:5,11
LF:1
LH:1
BRF:0
BRH:0
end_of_record
TN:
SF:src/views/VerticalLayout.js
FN:5,(anonymous_0)
FNF:1
FNH:1
FNDA:64,(anonymous_0)
DA:7,64
DA:8,64
DA:9,42
DA:11,64
DA:12,24
DA:29,40
LF:6
LH:6
BRDA:8,0,0,42
BRDA:8,0,1,22
BRDA:11,1,0,24
BRDA:11,1,1,40
BRDA:11,2,0,64
BRDA:11,2,1,52
BRF:6
BRH:6
end_of_record
